\BOOKMARK [0][-]{chapter*.2}{Preface}{}% 1
\BOOKMARK [1][-]{section*.3}{Disclaimer}{chapter*.2}% 2
\BOOKMARK [1][-]{section*.4}{Copyright}{chapter*.2}% 3
\BOOKMARK [0][-]{chapter.1}{Introduction}{}% 4
\BOOKMARK [1][-]{section.1.1}{Examining\040the\040data}{chapter.1}% 5
\BOOKMARK [1][-]{section.1.2}{Spot\040exchange\040rate}{chapter.1}% 6
\BOOKMARK [1][-]{section.1.3}{Implied\040and\040actual\040USD\040rates}{chapter.1}% 7
\BOOKMARK [1][-]{section.1.4}{ATM\040option\040volatility}{chapter.1}% 8
\BOOKMARK [1][-]{section.1.5}{Risk\040Reversals}{chapter.1}% 9
\BOOKMARK [1][-]{section.1.6}{Butterfly\040spreads}{chapter.1}% 10
\BOOKMARK [0][-]{chapter.2}{A\040modicum\040of\040option\040pricing\040theory}{}% 11
\BOOKMARK [1][-]{section.2.1}{The\040\\Delta\040of\040an\040option}{chapter.2}% 12
\BOOKMARK [1][-]{section*.5}{Box\0401.\040\040and\040dynamic\040replication}{chapter.2}% 13
\BOOKMARK [1][-]{section.2.2}{Pricing\040foreign\040currency\040options}{chapter.2}% 14
\BOOKMARK [1][-]{section.2.3}{Pricing\040conventions}{chapter.2}% 15
\BOOKMARK [0][-]{chapter.3}{The\040volatility\040smile}{}% 16
\BOOKMARK [1][-]{section*.6}{Box\0402.\040Put-call\040parity}{chapter.3}% 17
\BOOKMARK [1][-]{section.3.1}{Level}{chapter.3}% 18
\BOOKMARK [1][-]{section.3.2}{Slope}{chapter.3}% 19
\BOOKMARK [1][-]{section.3.3}{Curvature}{chapter.3}% 20
\BOOKMARK [0][-]{chapter.4}{Constructing\040the\040smile}{}% 21
\BOOKMARK [1][-]{section.4.1}{Selecting\040the\040data\040for\040specific\040dates}{chapter.4}% 22
\BOOKMARK [1][-]{section.4.2}{Calculation\040of\040implied\040volatilities\040\(vols\)}{chapter.4}% 23
\BOOKMARK [1][-]{section.4.3}{\\Delta_\173ATM\175\040market\040convention}{chapter.4}% 24
\BOOKMARK [1][-]{section.4.4}{A\040rough\040first\040pass\040on\040the\040volatility\040smile}{chapter.4}% 25
\BOOKMARK [1][-]{section.4.5}{A\040more\040refined\040approximation\040of\040the\040volatility\040smile}{chapter.4}% 26
\BOOKMARK [0][-]{chapter.5}{Extracting\040the\040risk-neutral\040density}{}% 27
\BOOKMARK [1][-]{section*.7}{Box\0403.\040Why\040market\040views\040are\040risk-neutral\040and\040different\040from\040forecasts}{chapter.5}% 28
\BOOKMARK [1][-]{section.5.1}{Extraction\040techniques}{chapter.5}% 29
\BOOKMARK [1][-]{section.5.2}{Infering\040premia\040and\040strike\040prices\040from\040vols}{chapter.5}% 30
\BOOKMARK [1][-]{section.5.3}{Generating\040call\040option\040prices}{chapter.5}% 31
\BOOKMARK [1][-]{section.5.4}{Generating\040put\040option\040prices}{chapter.5}% 32
\BOOKMARK [1][-]{section.5.5}{Practical\040Implementation}{chapter.5}% 33
\BOOKMARK [1][-]{section.5.6}{Generalized\040beta\040distribution}{chapter.5}% 34
\BOOKMARK [1][-]{section.5.7}{Edgeworth\040expansion}{chapter.5}% 35
\BOOKMARK [1][-]{section.5.8}{Shimko\040method}{chapter.5}% 36
\BOOKMARK [1][-]{section.5.9}{A\040graphical\040comparison\040of\040different\040methods}{chapter.5}% 37
\BOOKMARK [0][-]{chapter.6}{Epilogue}{}% 38
\BOOKMARK [1][-]{section.6.1}{Payne's\040preliminary\040box}{chapter.6}% 39
